2025-09-02 17:30:38.127 +02:00 - root - INFO - File logging enabled: logs\demo.log
2025-09-02 17:30:38.128 +02:00 - __main__ - INFO - === Nether Logging Demo Started ===
2025-09-02 17:30:38.129 +02:00 - nether.mediator - INFO - Component LoggingDemoComponent attached (supports: __main__.LogTestCommand | __main__.LogTestQuery)
2025-09-02 17:30:38.129 +02:00 - nether.mediator - INFO - Component EventHandler attached (supports: <class '__main__.LogTestEvent'>)
2025-09-02 17:30:38.129 +02:00 - __main__ - INFO - Components attached successfully
2025-09-02 17:30:38.129 +02:00 - __main__ - INFO - Starting message processing demonstration...
2025-09-02 17:30:38.129 +02:00 - nether.mediator - INFO - Attaching context `8bc455ed-3c7b-454c-9f22-31d7de9b1008`
2025-09-02 17:30:38.131 +02:00 - nether.mediator - INFO - Context `8bc455ed-3c7b-454c-9f22-31d7de9b1008` processing message: LogTestCommand - LogTestCommand(created_at=datetime.datetime(2025, 9, 2, 15, 30, 38, 129642, tzinfo=datetime.timezone.utc), created_by=None, message='This is a test command', level='info')
2025-09-02 17:30:38.132 +02:00 - nether.mediator - INFO - MediatorContext 8bc455ed-3c7b-454c-9f22-31d7de9b1008 closing. Finishing active tasks...
2025-09-02 17:30:38.132 +02:00 - nether.mediator - INFO - Dispatching LogTestCommand: LogTestCommand(created_at=datetime.datetime(2025, 9, 2, 15, 30, 38, 129642, tzinfo=datetime.timezone.utc), created_by=None, message='This is a test command', level='info')
2025-09-02 17:30:38.132 +02:00 - nether.mediator - INFO - Message LogTestCommand dispatched to components: LoggingDemoComponent
2025-09-02 17:30:38.132 +02:00 - __main__ - INFO - Processing command: This is a test command
2025-09-02 17:30:38.132 +02:00 - nether.mediator - INFO - Context `8bc455ed-3c7b-454c-9f22-31d7de9b1008` processing message: LogTestEvent - LogTestEvent(created_at=datetime.datetime(2025, 9, 2, 15, 30, 38, 132821, tzinfo=datetime.timezone.utc), created_by=None, result='Processed: This is a test command', timestamp='2025-09-02T17:30:38.132814')
2025-09-02 17:30:38.133 +02:00 - nether.mediator - INFO - Dispatching LogTestEvent: LogTestEvent(created_at=datetime.datetime(2025, 9, 2, 15, 30, 38, 132821, tzinfo=datetime.timezone.utc), created_by=None, result='Processed: This is a test command', timestamp='2025-09-02T17:30:38.132814')
2025-09-02 17:30:38.133 +02:00 - nether.mediator - INFO - Message LogTestEvent dispatched to components: EventHandler
2025-09-02 17:30:38.133 +02:00 - __main__ - INFO - Event received: Processed: This is a test command at 2025-09-02T17:30:38.132814
2025-09-02 17:30:38.133 +02:00 - nether.mediator - INFO - MediatorContext 8bc455ed-3c7b-454c-9f22-31d7de9b1008 closed.
2025-09-02 17:30:38.134 +02:00 - nether.mediator - INFO - Detached context `8bc455ed-3c7b-454c-9f22-31d7de9b1008`
2025-09-02 17:30:38.347 +02:00 - nether.mediator - INFO - Attaching context `c379582a-debe-4fda-b1b7-5de47dd0100c`
2025-09-02 17:30:38.348 +02:00 - nether.mediator - INFO - Context `c379582a-debe-4fda-b1b7-5de47dd0100c` processing message: LogTestCommand - LogTestCommand(created_at=datetime.datetime(2025, 9, 2, 15, 30, 38, 129647, tzinfo=datetime.timezone.utc), created_by=None, message='This is a debug message', level='debug')
2025-09-02 17:30:38.348 +02:00 - nether.mediator - INFO - MediatorContext c379582a-debe-4fda-b1b7-5de47dd0100c closing. Finishing active tasks...
2025-09-02 17:30:38.348 +02:00 - nether.mediator - INFO - Dispatching LogTestCommand: LogTestCommand(created_at=datetime.datetime(2025, 9, 2, 15, 30, 38, 129647, tzinfo=datetime.timezone.utc), created_by=None, message='This is a debug message', level='debug')
2025-09-02 17:30:38.349 +02:00 - nether.mediator - INFO - Message LogTestCommand dispatched to components: LoggingDemoComponent
2025-09-02 17:30:38.349 +02:00 - nether.mediator - INFO - Context `c379582a-debe-4fda-b1b7-5de47dd0100c` processing message: LogTestEvent - LogTestEvent(created_at=datetime.datetime(2025, 9, 2, 15, 30, 38, 349326, tzinfo=datetime.timezone.utc), created_by=None, result='Processed: This is a debug message', timestamp='2025-09-02T17:30:38.349316')
2025-09-02 17:30:38.349 +02:00 - nether.mediator - INFO - Dispatching LogTestEvent: LogTestEvent(created_at=datetime.datetime(2025, 9, 2, 15, 30, 38, 349326, tzinfo=datetime.timezone.utc), created_by=None, result='Processed: This is a debug message', timestamp='2025-09-02T17:30:38.349316')
2025-09-02 17:30:38.349 +02:00 - nether.mediator - INFO - Message LogTestEvent dispatched to components: EventHandler
2025-09-02 17:30:38.350 +02:00 - __main__ - INFO - Event received: Processed: This is a debug message at 2025-09-02T17:30:38.349316
2025-09-02 17:30:38.350 +02:00 - nether.mediator - INFO - MediatorContext c379582a-debe-4fda-b1b7-5de47dd0100c closed.
2025-09-02 17:30:38.350 +02:00 - nether.mediator - INFO - Detached context `c379582a-debe-4fda-b1b7-5de47dd0100c`
2025-09-02 17:30:38.564 +02:00 - nether.mediator - INFO - Attaching context `43007eb2-ad74-456f-b107-91dee0ee2554`
2025-09-02 17:30:38.564 +02:00 - nether.mediator - INFO - Context `43007eb2-ad74-456f-b107-91dee0ee2554` processing message: LogTestCommand - LogTestCommand(created_at=datetime.datetime(2025, 9, 2, 15, 30, 38, 129648, tzinfo=datetime.timezone.utc), created_by=None, message='This is a warning', level='warning')
2025-09-02 17:30:38.565 +02:00 - nether.mediator - INFO - MediatorContext 43007eb2-ad74-456f-b107-91dee0ee2554 closing. Finishing active tasks...
2025-09-02 17:30:38.565 +02:00 - nether.mediator - INFO - Dispatching LogTestCommand: LogTestCommand(created_at=datetime.datetime(2025, 9, 2, 15, 30, 38, 129648, tzinfo=datetime.timezone.utc), created_by=None, message='This is a warning', level='warning')
2025-09-02 17:30:38.565 +02:00 - nether.mediator - INFO - Message LogTestCommand dispatched to components: LoggingDemoComponent
2025-09-02 17:30:38.566 +02:00 - __main__ - WARNING - Processing command: This is a warning
2025-09-02 17:30:38.566 +02:00 - nether.mediator - INFO - Context `43007eb2-ad74-456f-b107-91dee0ee2554` processing message: LogTestEvent - LogTestEvent(created_at=datetime.datetime(2025, 9, 2, 15, 30, 38, 566140, tzinfo=datetime.timezone.utc), created_by=None, result='Processed: This is a warning', timestamp='2025-09-02T17:30:38.566132')
2025-09-02 17:30:38.566 +02:00 - nether.mediator - INFO - Dispatching LogTestEvent: LogTestEvent(created_at=datetime.datetime(2025, 9, 2, 15, 30, 38, 566140, tzinfo=datetime.timezone.utc), created_by=None, result='Processed: This is a warning', timestamp='2025-09-02T17:30:38.566132')
2025-09-02 17:30:38.566 +02:00 - nether.mediator - INFO - Message LogTestEvent dispatched to components: EventHandler
2025-09-02 17:30:38.566 +02:00 - __main__ - INFO - Event received: Processed: This is a warning at 2025-09-02T17:30:38.566132
2025-09-02 17:30:38.566 +02:00 - nether.mediator - INFO - MediatorContext 43007eb2-ad74-456f-b107-91dee0ee2554 closed.
2025-09-02 17:30:38.567 +02:00 - nether.mediator - INFO - Detached context `43007eb2-ad74-456f-b107-91dee0ee2554`
2025-09-02 17:30:38.781 +02:00 - nether.mediator - INFO - Attaching context `cad002b9-92ed-4c6e-ae5a-f36d14fec103`
2025-09-02 17:30:38.782 +02:00 - nether.mediator - INFO - Context `cad002b9-92ed-4c6e-ae5a-f36d14fec103` processing message: LogTestQuery - LogTestQuery(created_at=datetime.datetime(2025, 9, 2, 15, 30, 38, 129651, tzinfo=datetime.timezone.utc), created_by=None, question='What is the meaning of life?')
2025-09-02 17:30:38.782 +02:00 - nether.mediator - INFO - MediatorContext cad002b9-92ed-4c6e-ae5a-f36d14fec103 closing. Finishing active tasks...
2025-09-02 17:30:38.783 +02:00 - nether.mediator - INFO - Dispatching LogTestQuery: LogTestQuery(created_at=datetime.datetime(2025, 9, 2, 15, 30, 38, 129651, tzinfo=datetime.timezone.utc), created_by=None, question='What is the meaning of life?')
2025-09-02 17:30:38.783 +02:00 - nether.mediator - INFO - Message LogTestQuery dispatched to components: LoggingDemoComponent
2025-09-02 17:30:38.783 +02:00 - __main__ - INFO - Processing query: What is the meaning of life?
2025-09-02 17:30:38.889 +02:00 - nether.mediator - INFO - Context `cad002b9-92ed-4c6e-ae5a-f36d14fec103` processing message: LogTestEvent - LogTestEvent(created_at=datetime.datetime(2025, 9, 2, 15, 30, 38, 889283, tzinfo=datetime.timezone.utc), created_by=None, result="Answer to 'What is the meaning of life?': This is a demo response", timestamp='2025-09-02T17:30:38.889268')
2025-09-02 17:30:38.890 +02:00 - nether.mediator - INFO - Dispatching LogTestEvent: LogTestEvent(created_at=datetime.datetime(2025, 9, 2, 15, 30, 38, 889283, tzinfo=datetime.timezone.utc), created_by=None, result="Answer to 'What is the meaning of life?': This is a demo response", timestamp='2025-09-02T17:30:38.889268')
2025-09-02 17:30:38.890 +02:00 - nether.mediator - INFO - Message LogTestEvent dispatched to components: EventHandler
2025-09-02 17:30:38.890 +02:00 - __main__ - INFO - Event received: Answer to 'What is the meaning of life?': This is a demo response at 2025-09-02T17:30:38.889268
2025-09-02 17:30:38.890 +02:00 - nether.mediator - INFO - MediatorContext cad002b9-92ed-4c6e-ae5a-f36d14fec103 closed.
2025-09-02 17:30:38.890 +02:00 - nether.mediator - INFO - Detached context `cad002b9-92ed-4c6e-ae5a-f36d14fec103`
2025-09-02 17:30:39.106 +02:00 - nether.mediator - INFO - Attaching context `43a64e33-1b54-4d54-a03a-8f0f8210806a`
2025-09-02 17:30:39.106 +02:00 - nether.mediator - INFO - Context `43a64e33-1b54-4d54-a03a-8f0f8210806a` processing message: LogTestQuery - LogTestQuery(created_at=datetime.datetime(2025, 9, 2, 15, 30, 38, 129652, tzinfo=datetime.timezone.utc), created_by=None, question='How does the mediator work?')
2025-09-02 17:30:39.106 +02:00 - nether.mediator - INFO - MediatorContext 43a64e33-1b54-4d54-a03a-8f0f8210806a closing. Finishing active tasks...
2025-09-02 17:30:39.107 +02:00 - nether.mediator - INFO - Dispatching LogTestQuery: LogTestQuery(created_at=datetime.datetime(2025, 9, 2, 15, 30, 38, 129652, tzinfo=datetime.timezone.utc), created_by=None, question='How does the mediator work?')
2025-09-02 17:30:39.107 +02:00 - nether.mediator - INFO - Message LogTestQuery dispatched to components: LoggingDemoComponent
2025-09-02 17:30:39.107 +02:00 - __main__ - INFO - Processing query: How does the mediator work?
2025-09-02 17:30:39.215 +02:00 - nether.mediator - INFO - Context `43a64e33-1b54-4d54-a03a-8f0f8210806a` processing message: LogTestEvent - LogTestEvent(created_at=datetime.datetime(2025, 9, 2, 15, 30, 39, 215393, tzinfo=datetime.timezone.utc), created_by=None, result="Answer to 'How does the mediator work?': This is a demo response", timestamp='2025-09-02T17:30:39.215366')
2025-09-02 17:30:39.216 +02:00 - nether.mediator - INFO - Dispatching LogTestEvent: LogTestEvent(created_at=datetime.datetime(2025, 9, 2, 15, 30, 39, 215393, tzinfo=datetime.timezone.utc), created_by=None, result="Answer to 'How does the mediator work?': This is a demo response", timestamp='2025-09-02T17:30:39.215366')
2025-09-02 17:30:39.216 +02:00 - nether.mediator - INFO - Message LogTestEvent dispatched to components: EventHandler
2025-09-02 17:30:39.217 +02:00 - __main__ - INFO - Event received: Answer to 'How does the mediator work?': This is a demo response at 2025-09-02T17:30:39.215366
2025-09-02 17:30:39.217 +02:00 - nether.mediator - INFO - MediatorContext 43a64e33-1b54-4d54-a03a-8f0f8210806a closed.
2025-09-02 17:30:39.218 +02:00 - nether.mediator - INFO - Detached context `43a64e33-1b54-4d54-a03a-8f0f8210806a`
2025-09-02 17:30:39.432 +02:00 - __main__ - INFO - All messages processed successfully
2025-09-02 17:30:39.433 +02:00 - __main__ - INFO - === Demo completed ===
2025-09-02 17:30:39.433 +02:00 - nether.mediator - INFO - Mediator stopping
